<?xml version="1.0" encoding="UTF-8"?>
<!-- Generated by org.testng.reporters.JUnitXMLReporter -->
<testsuite hostname="OABLN2392" name="Hello Fresh API Test Automation" tests="6" failures="0" timestamp="17 Jun 2018 21:56:11 GMT" time="3.441" errors="0">
  <testcase name="getAPIForAllCountries" time="1.495" classname="com.hellofresh.Apitestscripts.GroupktServices"/>
  <testcase name="getAPIForInexistantCountr" time="0.0" classname="com.hellofresh.Apitestscripts.GroupktServices"/>
  <testcase name="getAPIForUS" time="0.001" classname="com.hellofresh.Apitestscripts.GroupktServices"/>
  <testcase name="getAPIForUS_DE_GB" time="0.653" classname="com.hellofresh.Apitestscripts.GroupktServices"/>
  <testcase name="getAPIForUS_DE_GB" time="0.511" classname="com.hellofresh.Apitestscripts.GroupktServices"/>
  <testcase name="getAPIForUS_DE_GB" time="0.714" classname="com.hellofresh.Apitestscripts.GroupktServices"/>
</testsuite> <!-- Hello Fresh API Test Automation -->
